<?xml version="1.0" encoding="UTF-8"?>
<testng-results ignored="0" total="2" passed="2" failed="0" skipped="0">
  <reporter-output>
  </reporter-output>
  <suite started-at="2022-10-19T11:23:21 IST" name="Suite" finished-at="2022-10-19T11:24:24 IST" duration-ms="62328">
    <groups>
    </groups>
    <test started-at="2022-10-19T11:23:21 IST" name="Test" finished-at="2022-10-19T11:24:24 IST" duration-ms="62328">
      <class name="com.suganya.tests.AmazonTest">
        <test-method is-config="true" signature="setUp([Ljava.lang.Object;)[pri:0, instance:com.suganya.tests.AmazonTest@543295b0]" started-at="2022-10-19T11:23:22 IST" name="setUp" finished-at="2022-10-19T11:23:28 IST" duration-ms="6390" status="PASS">
          <params>
            <param index="0">
              <value>
                <![CDATA[[Ljava.lang.Object;@7a34b7b8]]>
              </value>
            </param>
          </params>
          <reporter-output>
          </reporter-output>
        </test-method> <!-- setUp -->
        <test-method signature="test1(com.suganya.dataprovider.AmazonTestData)[pri:0, instance:com.suganya.tests.AmazonTest@543295b0]" started-at="2022-10-19T11:23:28 IST" name="test1" data-provider="supplySeqData" finished-at="2022-10-19T11:23:52 IST" duration-ms="23746" status="PASS">
          <params>
            <param index="0">
              <value>
                <![CDATA[AmazonTestData(browser=chrome, version=106.0, category=TV, Appliances, Electronics, subcategory=Televisions, filtersection=Brands, filtervalue=Samsung, sorttype=Price: High to Low)]]>
              </value>
            </param>
          </params>
          <reporter-output>
          </reporter-output>
        </test-method> <!-- test1 -->
        <test-method is-config="true" signature="tearDown()[pri:0, instance:com.suganya.tests.AmazonTest@543295b0]" started-at="2022-10-19T11:23:52 IST" name="tearDown" finished-at="2022-10-19T11:23:52 IST" duration-ms="116" status="PASS">
          <reporter-output>
          </reporter-output>
        </test-method> <!-- tearDown -->
        <test-method is-config="true" signature="setUp([Ljava.lang.Object;)[pri:0, instance:com.suganya.tests.AmazonTest@543295b0]" started-at="2022-10-19T11:23:52 IST" name="setUp" finished-at="2022-10-19T11:24:00 IST" duration-ms="7472" status="PASS">
          <params>
            <param index="0">
              <value>
                <![CDATA[[Ljava.lang.Object;@58cd06cb]]>
              </value>
            </param>
          </params>
          <reporter-output>
          </reporter-output>
        </test-method> <!-- setUp -->
        <test-method signature="test1(com.suganya.dataprovider.AmazonTestData)[pri:0, instance:com.suganya.tests.AmazonTest@543295b0]" started-at="2022-10-19T11:24:00 IST" name="test1" data-provider="supplySeqData" finished-at="2022-10-19T11:24:22 IST" duration-ms="22036" status="PASS">
          <params>
            <param index="0">
              <value>
                <![CDATA[AmazonTestData(browser=firefox, version=106.0, category=TV, Appliances, Electronics, subcategory=Televisions, filtersection=Brands, filtervalue=LG, sorttype=Price: Low to High)]]>
              </value>
            </param>
          </params>
          <reporter-output>
          </reporter-output>
        </test-method> <!-- test1 -->
        <test-method is-config="true" signature="tearDown()[pri:0, instance:com.suganya.tests.AmazonTest@543295b0]" started-at="2022-10-19T11:24:22 IST" name="tearDown" finished-at="2022-10-19T11:24:24 IST" duration-ms="2068" status="PASS">
          <reporter-output>
          </reporter-output>
        </test-method> <!-- tearDown -->
      </class> <!-- com.suganya.tests.AmazonTest -->
    </test> <!-- Test -->
  </suite> <!-- Suite -->
</testng-results>
